This is pdfTeX, Version 3.14159265-2.6-1.40.19 (TeX Live 2018) (preloaded format=pdflatex 2020.5.18)  18 NOV 2020 16:57
entering extended mode
 restricted \write18 enabled.
 file:line:error style messages enabled.
 %&-line parsing enabled.
**outputfile.tex
(./outputfile.tex
LaTeX2e <2018-12-01>
(/usr/local/texlive/2018/texmf-dist/tex/latex/base/article.cls
Document Class: article 2018/09/03 v1.4i Standard LaTeX document class
(/usr/local/texlive/2018/texmf-dist/tex/latex/base/size10.clo
File: size10.clo 2018/09/03 v1.4i Standard LaTeX file (size option)
)
\c@part=\count80
\c@section=\count81
\c@subsection=\count82
\c@subsubsection=\count83
\c@paragraph=\count84
\c@subparagraph=\count85
\c@figure=\count86
\c@table=\count87
\abovecaptionskip=\skip41
\belowcaptionskip=\skip42
\bibindent=\dimen102
) (/usr/local/texlive/2018/texmf-dist/tex/latex/amsmath/amsmath.sty
Package: amsmath 2018/12/01 v2.17b AMS math features
\@mathmargin=\skip43

For additional information on amsmath, use the `?' option.
(/usr/local/texlive/2018/texmf-dist/tex/latex/amsmath/amstext.sty
Package: amstext 2000/06/29 v2.01 AMS text
 (/usr/local/texlive/2018/texmf-dist/tex/latex/amsmath/amsgen.sty
File: amsgen.sty 1999/11/30 v2.0 generic functions
\@emptytoks=\toks14
\ex@=\dimen103
)) (/usr/local/texlive/2018/texmf-dist/tex/latex/amsmath/amsbsy.sty
Package: amsbsy 1999/11/29 v1.2d Bold Symbols
\pmbraise@=\dimen104
) (/usr/local/texlive/2018/texmf-dist/tex/latex/amsmath/amsopn.sty
Package: amsopn 2016/03/08 v2.02 operator names
)
\inf@bad=\count88
LaTeX Info: Redefining \frac on input line 223.
\uproot@=\count89
\leftroot@=\count90
LaTeX Info: Redefining \overline on input line 385.
\classnum@=\count91
\DOTSCASE@=\count92
LaTeX Info: Redefining \ldots on input line 482.
LaTeX Info: Redefining \dots on input line 485.
LaTeX Info: Redefining \cdots on input line 606.
\Mathstrutbox@=\box27
\strutbox@=\box28
\big@size=\dimen105
LaTeX Font Info:    Redeclaring font encoding OML on input line 729.
LaTeX Font Info:    Redeclaring font encoding OMS on input line 730.
\macc@depth=\count93
\c@MaxMatrixCols=\count94
\dotsspace@=\muskip10
\c@parentequation=\count95
\dspbrk@lvl=\count96
\tag@help=\toks15
\row@=\count97
\column@=\count98
\maxfields@=\count99
\andhelp@=\toks16
\eqnshift@=\dimen106
\alignsep@=\dimen107
\tagshift@=\dimen108
\tagwidth@=\dimen109
\totwidth@=\dimen110
\lineht@=\dimen111
\@envbody=\toks17
\multlinegap=\skip44
\multlinetaggap=\skip45
\mathdisplay@stack=\toks18
LaTeX Info: Redefining \[ on input line 2844.
LaTeX Info: Redefining \] on input line 2845.
) (/usr/local/texlive/2018/texmf-dist/tex/latex/booktabs/booktabs.sty
Package: booktabs 2016/04/27 v1.618033 publication quality tables
\heavyrulewidth=\dimen112
\lightrulewidth=\dimen113
\cmidrulewidth=\dimen114
\belowrulesep=\dimen115
\belowbottomsep=\dimen116
\aboverulesep=\dimen117
\abovetopsep=\dimen118
\cmidrulesep=\dimen119
\cmidrulekern=\dimen120
\defaultaddspace=\dimen121
\@cmidla=\count100
\@cmidlb=\count101
\@aboverulesep=\dimen122
\@belowrulesep=\dimen123
\@thisruleclass=\count102
\@lastruleclass=\count103
\@thisrulewidth=\dimen124
) (/usr/local/texlive/2018/texmf-dist/tex/latex/comment/comment.sty
\CommentStream=\write3
 Excluding comment 'comment') (/usr/local/texlive/2018/texmf-dist/tex/latex/graphics/graphicx.sty
Package: graphicx 2017/06/01 v1.1a Enhanced LaTeX Graphics (DPC,SPQR)
 (/usr/local/texlive/2018/texmf-dist/tex/latex/graphics/keyval.sty
Package: keyval 2014/10/28 v1.15 key=value parser (DPC)
\KV@toks@=\toks19
) (/usr/local/texlive/2018/texmf-dist/tex/latex/graphics/graphics.sty
Package: graphics 2017/06/25 v1.2c Standard LaTeX Graphics (DPC,SPQR)
 (/usr/local/texlive/2018/texmf-dist/tex/latex/graphics/trig.sty
Package: trig 2016/01/03 v1.10 sin cos tan (DPC)
) (/usr/local/texlive/2018/texmf-dist/tex/latex/graphics-cfg/graphics.cfg
File: graphics.cfg 2016/06/04 v1.11 sample graphics configuration
)
Package graphics Info: Driver file: pdftex.def on input line 99.
 (/usr/local/texlive/2018/texmf-dist/tex/latex/graphics-def/pdftex.def
File: pdftex.def 2018/01/08 v1.0l Graphics/color driver for pdftex
))
\Gin@req@height=\dimen125
\Gin@req@width=\dimen126
) (/usr/local/texlive/2018/texmf-dist/tex/latex/caption/subcaption.sty
Package: subcaption 2018/05/01 v1.1-162 Sub-captions (AR)
 (/usr/local/texlive/2018/texmf-dist/tex/latex/caption/caption.sty
Package: caption 2018/10/06 v3.3-154 Customizing captions (AR)
 (/usr/local/texlive/2018/texmf-dist/tex/latex/caption/caption3.sty
Package: caption3 2018/09/12 v1.8c caption3 kernel (AR)
Package caption3 Info: TeX engine: e-TeX on input line 64.
\captionmargin=\dimen127
\captionmargin@=\dimen128
\captionwidth=\dimen129
\caption@tempdima=\dimen130
\caption@indent=\dimen131
\caption@parindent=\dimen132
\caption@hangindent=\dimen133
)
\c@caption@flags=\count104
\c@ContinuedFloat=\count105
)
\c@subfigure=\count106
\c@subtable=\count107
) (./outputfile.aux

LaTeX Warning: Label `T300/5308 material properties' multiply defined.

)
\openout1 = `outputfile.aux'.

LaTeX Font Info:    Checking defaults for OML/cmm/m/it on input line 4.
LaTeX Font Info:    ... okay on input line 4.
LaTeX Font Info:    Checking defaults for T1/cmr/m/n on input line 4.
LaTeX Font Info:    ... okay on input line 4.
LaTeX Font Info:    Checking defaults for OT1/cmr/m/n on input line 4.
LaTeX Font Info:    ... okay on input line 4.
LaTeX Font Info:    Checking defaults for OMS/cmsy/m/n on input line 4.
LaTeX Font Info:    ... okay on input line 4.
LaTeX Font Info:    Checking defaults for OMX/cmex/m/n on input line 4.
LaTeX Font Info:    ... okay on input line 4.
LaTeX Font Info:    Checking defaults for U/cmr/m/n on input line 4.
LaTeX Font Info:    ... okay on input line 4.
 (/usr/local/texlive/2018/texmf-dist/tex/context/base/mkii/supp-pdf.mkii
[Loading MPS to PDF converter (version 2006.09.02).]
\scratchcounter=\count108
\scratchdimen=\dimen134
\scratchbox=\box29
\nofMPsegments=\count109
\nofMParguments=\count110
\everyMPshowfont=\toks20
\MPscratchCnt=\count111
\MPscratchDim=\dimen135
\MPnumerator=\count112
\makeMPintoPDFobject=\count113
\everyMPtoPDFconversion=\toks21
) (/usr/local/texlive/2018/texmf-dist/tex/latex/oberdiek/epstopdf-base.sty
Package: epstopdf-base 2016/05/15 v2.6 Base part for package epstopdf
 (/usr/local/texlive/2018/texmf-dist/tex/generic/oberdiek/infwarerr.sty
Package: infwarerr 2016/05/16 v1.4 Providing info/warning/error messages (HO)
) (/usr/local/texlive/2018/texmf-dist/tex/latex/oberdiek/grfext.sty
Package: grfext 2016/05/16 v1.2 Manage graphics extensions (HO)
 (/usr/local/texlive/2018/texmf-dist/tex/generic/oberdiek/kvdefinekeys.sty
Package: kvdefinekeys 2016/05/16 v1.4 Define keys (HO)
 (/usr/local/texlive/2018/texmf-dist/tex/generic/oberdiek/ltxcmds.sty
Package: ltxcmds 2016/05/16 v1.23 LaTeX kernel commands for general use (HO)
))) (/usr/local/texlive/2018/texmf-dist/tex/latex/oberdiek/kvoptions.sty
Package: kvoptions 2016/05/16 v3.12 Key value format for package options (HO)
 (/usr/local/texlive/2018/texmf-dist/tex/generic/oberdiek/kvsetkeys.sty
Package: kvsetkeys 2016/05/16 v1.17 Key value parser (HO)
 (/usr/local/texlive/2018/texmf-dist/tex/generic/oberdiek/etexcmds.sty
Package: etexcmds 2016/05/16 v1.6 Avoid name clashes with e-TeX commands (HO)
 (/usr/local/texlive/2018/texmf-dist/tex/generic/oberdiek/ifluatex.sty
Package: ifluatex 2016/05/16 v1.4 Provides the ifluatex switch (HO)
Package ifluatex Info: LuaTeX not detected.
)
Package etexcmds Info: Could not find \expanded.
(etexcmds)             That can mean that you are not using pdfTeX 1.50 or
(etexcmds)             that some package has redefined \expanded.
(etexcmds)             In the latter case, load this package earlier.
))) (/usr/local/texlive/2018/texmf-dist/tex/generic/oberdiek/pdftexcmds.sty
Package: pdftexcmds 2018/09/10 v0.29 Utility functions of pdfTeX for LuaTeX (HO)
 (/usr/local/texlive/2018/texmf-dist/tex/generic/oberdiek/ifpdf.sty
Package: ifpdf 2018/09/07 v3.3 Provides the ifpdf switch
)
Package pdftexcmds Info: LuaTeX not detected.
Package pdftexcmds Info: \pdf@primitive is available.
Package pdftexcmds Info: \pdf@ifprimitive is available.
Package pdftexcmds Info: \pdfdraftmode found.
)
Package epstopdf-base Info: Redefining graphics rule for `.eps' on input line 438.
Package grfext Info: Graphics extension search list:
(grfext)             [.pdf,.png,.jpg,.mps,.jpeg,.jbig2,.jb2,.PDF,.PNG,.JPG,.JPEG,.JBIG2,.JB2,.eps]
(grfext)             \AppendGraphicsExtensions on input line 456.
 (/usr/local/texlive/2018/texmf-dist/tex/latex/latexconfig/epstopdf-sys.cfg
File: epstopdf-sys.cfg 2010/07/13 v1.3 Configuration of (r)epstopdf for TeX Live
))
Package caption Info: Begin \AtBeginDocument code.
Package caption Info: End \AtBeginDocument code.
 [1

{/usr/local/texlive/2018/texmf-var/fonts/map/pdftex/updmap/pdftex.map}] [2] [3] [4] [5]
<2020-11-10-pre-image/two_distinct_angle_fitness_and_sr.png, id=26, 462.528pt x 346.896pt>
File: 2020-11-10-pre-image/two_distinct_angle_fitness_and_sr.png Graphic file (type png)
<use 2020-11-10-pre-image/two_distinct_angle_fitness_and_sr.png>
Package pdftex.def Info: 2020-11-10-pre-image/two_distinct_angle_fitness_and_sr.png  used on input line 326.
(pdftex.def)             Requested size: 276.00105pt x 207.01175pt.
<2020-11-10-pre-image/two_distinct_angle_angle_change.png, id=28, 462.528pt x 346.896pt>
File: 2020-11-10-pre-image/two_distinct_angle_angle_change.png Graphic file (type png)
<use 2020-11-10-pre-image/two_distinct_angle_angle_change.png>
Package pdftex.def Info: 2020-11-10-pre-image/two_distinct_angle_angle_change.png  used on input line 330.
(pdftex.def)             Requested size: 276.00105pt x 207.01175pt.
<2020-11-10-pre-image/two_distinct_angler_number_change.png, id=29, 462.528pt x 346.896pt>
File: 2020-11-10-pre-image/two_distinct_angler_number_change.png Graphic file (type png)
<use 2020-11-10-pre-image/two_distinct_angler_number_change.png>
Package pdftex.def Info: 2020-11-10-pre-image/two_distinct_angler_number_change.png  used on input line 334.
(pdftex.def)             Requested size: 276.00105pt x 207.01175pt.


LaTeX Warning: Float too large for page by 95.03525pt on input line 338.

<2020-11-10-pre-image/Three_distinct_angles_fitness_and_sr.png, id=30, 462.528pt x 346.896pt>
File: 2020-11-10-pre-image/Three_distinct_angles_fitness_and_sr.png Graphic file (type png)
<use 2020-11-10-pre-image/Three_distinct_angles_fitness_and_sr.png>
Package pdftex.def Info: 2020-11-10-pre-image/Three_distinct_angles_fitness_and_sr.png  used on input line 375.
(pdftex.def)             Requested size: 276.00105pt x 207.01175pt.
<2020-11-10-pre-image/three_distinct_angles_angle_change.png, id=31, 462.528pt x 346.896pt>
File: 2020-11-10-pre-image/three_distinct_angles_angle_change.png Graphic file (type png)
<use 2020-11-10-pre-image/three_distinct_angles_angle_change.png>
Package pdftex.def Info: 2020-11-10-pre-image/three_distinct_angles_angle_change.png  used on input line 379.
(pdftex.def)             Requested size: 276.00105pt x 207.01175pt.
<2020-11-10-pre-image/three_distinct_angle_number_of_angle.png, id=32, 462.528pt x 346.896pt>
File: 2020-11-10-pre-image/three_distinct_angle_number_of_angle.png Graphic file (type png)
<use 2020-11-10-pre-image/three_distinct_angle_number_of_angle.png>
Package pdftex.def Info: 2020-11-10-pre-image/three_distinct_angle_number_of_angle.png  used on input line 383.
(pdftex.def)             Requested size: 276.00105pt x 207.01175pt.

LaTeX Warning: Float too large for page by 95.03525pt on input line 387.


Overfull \hbox (23.9591pt too wide) in paragraph at lines 401--417
 [][] 
 []


Overfull \hbox (91.26003pt too wide) in paragraph at lines 438--449
 [][] 
 []


Overfull \hbox (91.26003pt too wide) in paragraph at lines 461--472
 [][] 
 []

Excluding 'comment' comment. (./outputfile.bbl

./outputfile.bbl:4: Package inputenc Error: Unicode character ꎬ (U+A3AC)
(inputenc)                not set up for use with LaTeX.

See the inputenc package documentation for explanation.
Type  H <return>  for immediate help.
 ...                                              
                                                  
l.4 L~Aꎬ
           Schmit and B~Farshi.
You may provide a definition with
\DeclareUnicodeCharacter 

[6] [7] [8]) [9] [10 <./2020-11-10-pre-image/two_distinct_angle_fitness_and_sr.png> <./2020-11-10-pre-image/two_distinct_angle_angle_change.png> <./2020-11-10-pre-image/two_distinct_angler_number_change.png>] [11 <./2020-11-10-pre-image/Three_distinct_angles_fitness_and_sr.png> <./2020-11-10-pre-image/three_distinct_angles_angle_change.png> <./2020-11-10-pre-image/three_distinct_angle_number_of_angle.png>] (./outputfile.aux)

LaTeX Warning: There were multiply-defined labels.

 ) 
Here is how much of TeX's memory you used:
 3351 strings out of 492616
 52305 string characters out of 6128982
 129299 words of memory out of 5000000
 7236 multiletter control sequences out of 15000+600000
 5650 words of font info for 21 fonts, out of 8000000 for 9000
 1141 hyphenation exceptions out of 8191
 42i,18n,40p,388b,373s stack positions out of 5000i,500n,10000p,200000b,80000s
</usr/local/texlive/2018/texmf-dist/fonts/type1/public/amsfonts/cm/cmbx12.pfb></usr/local/texlive/2018/texmf-dist/fonts/type1/public/amsfonts/cm/cmex10.pfb></usr/local/texlive/2018/texmf-dist/fonts/type1/public/amsfonts/cm/cmmi10.pfb></usr/local/texlive/2018/texmf-dist/fonts/type1/public/amsfonts/cm/cmmi7.pfb></usr/local/texlive/2018/texmf-dist/fonts/type1/public/amsfonts/cm/cmr10.pfb></usr/local/texlive/2018/texmf-dist/fonts/type1/public/amsfonts/cm/cmr7.pfb></usr/local/texlive/2018/texmf-dist/fonts/type1/public/amsfonts/cm/cmsy10.pfb></usr/local/texlive/2018/texmf-dist/fonts/type1/public/amsfonts/cm/cmsy7.pfb></usr/local/texlive/2018/texmf-dist/fonts/type1/public/amsfonts/cm/cmti10.pfb>
Output written on outputfile.pdf (11 pages, 302179 bytes).
PDF statistics:
 89 PDF objects out of 1000 (max. 8388607)
 54 compressed objects within 1 object stream
 0 named destinations out of 1000 (max. 500000)
 31 words of extra memory for PDF output out of 10000 (max. 10000000)

