This is pdfTeX, Version 3.14159265-2.6-1.40.19 (TeX Live 2018) (preloaded format=pdflatex 2020.5.18)  11 NOV 2020 09:06
entering extended mode
 restricted \write18 enabled.
 file:line:error style messages enabled.
 %&-line parsing enabled.
**revised_JPE.tex
(./revised_JPE.tex
LaTeX2e <2018-12-01>
(/usr/local/texlive/2018/texmf-dist/tex/latex/base/article.cls
Document Class: article 2018/09/03 v1.4i Standard LaTeX document class
(/usr/local/texlive/2018/texmf-dist/tex/latex/base/size10.clo
File: size10.clo 2018/09/03 v1.4i Standard LaTeX file (size option)
)
\c@part=\count80
\c@section=\count81
\c@subsection=\count82
\c@subsubsection=\count83
\c@paragraph=\count84
\c@subparagraph=\count85
\c@figure=\count86
\c@table=\count87
\abovecaptionskip=\skip41
\belowcaptionskip=\skip42
\bibindent=\dimen102
) (/usr/local/texlive/2018/texmf-dist/tex/latex/base/inputenc.sty
Package: inputenc 2018/08/11 v1.3c Input encoding file
\inpenc@prehook=\toks14
\inpenc@posthook=\toks15
) (/usr/local/texlive/2018/texmf-dist/tex/latex/base/fontenc.sty
Package: fontenc 2018/08/11 v2.0j Standard LaTeX package
 (/usr/local/texlive/2018/texmf-dist/tex/latex/base/t1enc.def
File: t1enc.def 2018/08/11 v2.0j Standard LaTeX file
LaTeX Font Info:    Redeclaring font encoding T1 on input line 48.
)) (./dgruyter.sty
Package: dgruyter 2017/09/19 v2.00 De Gruyter layout
LaTeX Info: Redefining \numberline on input line 148.
Applying: [2015/01/01] Nowadays obsolete fixes on input line 160.
Already applied: [0000/00/00] Nowadays obsolete fixes on input line 163.
\gridwidth=\dimen103
 (/usr/local/texlive/2018/texmf-dist/tex/latex/cmap/cmap.sty
Package: cmap 2008/03/06 v1.0h CMap support: searchable PDF


Package cmap Warning: fontenc already loaded - some fonts may be unprocessed.

) (/usr/local/texlive/2018/texmf-dist/tex/generic/pdftex/glyphtounicode.tex) (/usr/local/texlive/2018/texmf-dist/tex/latex/tipa/tipa.sty
Package: tipa 2002/08/08 TIPA version 1.1
 (/usr/local/texlive/2018/texmf-dist/tex/latex/base/fontenc.sty
Package: fontenc 2018/08/11 v2.0j Standard LaTeX package
 (/usr/local/texlive/2018/texmf-dist/tex/latex/tipa/t3enc.def
File: t3enc.def 2001/12/31 T3 encoding
Now handling font encoding T3 ...
... no UTF-8 mapping file for font encoding T3
<<t1.cmap>>
LaTeX Font Info:    Try loading font information for T1+cmss on input line 357.
 (/usr/local/texlive/2018/texmf-dist/tex/latex/base/t1cmss.fd
File: t1cmss.fd 2014/09/29 v2.5h Standard LaTeX font definitions
)) (/usr/local/texlive/2018/texmf-dist/tex/latex/base/t1enc.def
File: t1enc.def 2018/08/11 v2.0j Standard LaTeX file
LaTeX Font Info:    Redeclaring font encoding T1 on input line 48.
))) (/usr/local/texlive/2018/texmf-dist/tex/latex/base/fontenc.sty
Package: fontenc 2018/08/11 v2.0j Standard LaTeX package
 (/usr/local/texlive/2018/texmf-dist/tex/latex/base/t1enc.def
File: t1enc.def 2018/08/11 v2.0j Standard LaTeX file
LaTeX Font Info:    Redeclaring font encoding T1 on input line 48.
)) (/usr/local/texlive/2018/texmf-dist/tex/latex/base/textcomp.sty
Package: textcomp 2018/08/11 v2.0j Standard LaTeX package
Package textcomp Info: Sub-encoding information:
(textcomp)               5 = only ISO-Adobe without \textcurrency
(textcomp)               4 = 5 + \texteuro
(textcomp)               3 = 4 + \textohm
(textcomp)               2 = 3 + \textestimated + \textcurrency
(textcomp)               1 = TS1 - \textcircled - \t
(textcomp)               0 = TS1 (full)
(textcomp)             Font families with sub-encoding setting implement
(textcomp)             only a restricted character set as indicated.
(textcomp)             Family '?' is the default used for unknown fonts.
(textcomp)             See the documentation for details.
Package textcomp Info: Setting ? sub-encoding to TS1/1 on input line 79.
 (/usr/local/texlive/2018/texmf-dist/tex/latex/base/ts1enc.def
File: ts1enc.def 2001/06/05 v3.0e (jk/car/fm) Standard LaTeX file
Now handling font encoding TS1 ...
... processing UTF-8 mapping file for font encoding TS1
 (/usr/local/texlive/2018/texmf-dist/tex/latex/base/ts1enc.dfu
File: ts1enc.dfu 2018/10/05 v1.2f UTF-8 support for inputenc
   defining Unicode char U+00A2 (decimal 162)
   defining Unicode char U+00A3 (decimal 163)
   defining Unicode char U+00A4 (decimal 164)
   defining Unicode char U+00A5 (decimal 165)
   defining Unicode char U+00A6 (decimal 166)
   defining Unicode char U+00A7 (decimal 167)
   defining Unicode char U+00A8 (decimal 168)
   defining Unicode char U+00A9 (decimal 169)
   defining Unicode char U+00AA (decimal 170)
   defining Unicode char U+00AC (decimal 172)
   defining Unicode char U+00AE (decimal 174)
   defining Unicode char U+00AF (decimal 175)
   defining Unicode char U+00B0 (decimal 176)
   defining Unicode char U+00B1 (decimal 177)
   defining Unicode char U+00B2 (decimal 178)
   defining Unicode char U+00B3 (decimal 179)
   defining Unicode char U+00B4 (decimal 180)
   defining Unicode char U+00B5 (decimal 181)
   defining Unicode char U+00B6 (decimal 182)
   defining Unicode char U+00B7 (decimal 183)
   defining Unicode char U+00B9 (decimal 185)
   defining Unicode char U+00BA (decimal 186)
   defining Unicode char U+00BC (decimal 188)
   defining Unicode char U+00BD (decimal 189)
   defining Unicode char U+00BE (decimal 190)
   defining Unicode char U+00D7 (decimal 215)
   defining Unicode char U+00F7 (decimal 247)
   defining Unicode char U+0192 (decimal 402)
   defining Unicode char U+02C7 (decimal 711)
   defining Unicode char U+02D8 (decimal 728)
   defining Unicode char U+02DD (decimal 733)
   defining Unicode char U+0E3F (decimal 3647)
   defining Unicode char U+2016 (decimal 8214)
   defining Unicode char U+2020 (decimal 8224)
   defining Unicode char U+2021 (decimal 8225)
   defining Unicode char U+2022 (decimal 8226)
   defining Unicode char U+2030 (decimal 8240)
   defining Unicode char U+2031 (decimal 8241)
   defining Unicode char U+203B (decimal 8251)
   defining Unicode char U+203D (decimal 8253)
   defining Unicode char U+2044 (decimal 8260)
   defining Unicode char U+204E (decimal 8270)
   defining Unicode char U+2052 (decimal 8274)
   defining Unicode char U+20A1 (decimal 8353)
   defining Unicode char U+20A4 (decimal 8356)
   defining Unicode char U+20A6 (decimal 8358)
   defining Unicode char U+20A9 (decimal 8361)
   defining Unicode char U+20AB (decimal 8363)
   defining Unicode char U+20AC (decimal 8364)
   defining Unicode char U+20B1 (decimal 8369)
   defining Unicode char U+2103 (decimal 8451)
   defining Unicode char U+2116 (decimal 8470)
   defining Unicode char U+2117 (decimal 8471)
   defining Unicode char U+211E (decimal 8478)
   defining Unicode char U+2120 (decimal 8480)
   defining Unicode char U+2122 (decimal 8482)
   defining Unicode char U+2126 (decimal 8486)
   defining Unicode char U+2127 (decimal 8487)
   defining Unicode char U+212E (decimal 8494)
   defining Unicode char U+2190 (decimal 8592)
   defining Unicode char U+2191 (decimal 8593)
   defining Unicode char U+2192 (decimal 8594)
   defining Unicode char U+2193 (decimal 8595)
   defining Unicode char U+2329 (decimal 9001)
   defining Unicode char U+232A (decimal 9002)
   defining Unicode char U+2422 (decimal 9250)
   defining Unicode char U+25E6 (decimal 9702)
   defining Unicode char U+25EF (decimal 9711)
   defining Unicode char U+266A (decimal 9834)
   defining Unicode char U+FEFF (decimal 65279)
))
LaTeX Info: Redefining \oldstylenums on input line 334.
Package textcomp Info: Setting cmr sub-encoding to TS1/0 on input line 349.
Package textcomp Info: Setting cmss sub-encoding to TS1/0 on input line 350.
Package textcomp Info: Setting cmtt sub-encoding to TS1/0 on input line 351.
Package textcomp Info: Setting cmvtt sub-encoding to TS1/0 on input line 352.
Package textcomp Info: Setting cmbr sub-encoding to TS1/0 on input line 353.
Package textcomp Info: Setting cmtl sub-encoding to TS1/0 on input line 354.
Package textcomp Info: Setting ccr sub-encoding to TS1/0 on input line 355.
Package textcomp Info: Setting ptm sub-encoding to TS1/4 on input line 356.
Package textcomp Info: Setting pcr sub-encoding to TS1/4 on input line 357.
Package textcomp Info: Setting phv sub-encoding to TS1/4 on input line 358.
Package textcomp Info: Setting ppl sub-encoding to TS1/3 on input line 359.
Package textcomp Info: Setting pag sub-encoding to TS1/4 on input line 360.
Package textcomp Info: Setting pbk sub-encoding to TS1/4 on input line 361.
Package textcomp Info: Setting pnc sub-encoding to TS1/4 on input line 362.
Package textcomp Info: Setting pzc sub-encoding to TS1/4 on input line 363.
Package textcomp Info: Setting bch sub-encoding to TS1/4 on input line 364.
Package textcomp Info: Setting put sub-encoding to TS1/5 on input line 365.
Package textcomp Info: Setting uag sub-encoding to TS1/5 on input line 366.
Package textcomp Info: Setting ugq sub-encoding to TS1/5 on input line 367.
Package textcomp Info: Setting ul8 sub-encoding to TS1/4 on input line 368.
Package textcomp Info: Setting ul9 sub-encoding to TS1/4 on input line 369.
Package textcomp Info: Setting augie sub-encoding to TS1/5 on input line 370.
Package textcomp Info: Setting dayrom sub-encoding to TS1/3 on input line 371.
Package textcomp Info: Setting dayroms sub-encoding to TS1/3 on input line 372.
Package textcomp Info: Setting pxr sub-encoding to TS1/0 on input line 373.
Package textcomp Info: Setting pxss sub-encoding to TS1/0 on input line 374.
Package textcomp Info: Setting pxtt sub-encoding to TS1/0 on input line 375.
Package textcomp Info: Setting txr sub-encoding to TS1/0 on input line 376.
Package textcomp Info: Setting txss sub-encoding to TS1/0 on input line 377.
Package textcomp Info: Setting txtt sub-encoding to TS1/0 on input line 378.
Package textcomp Info: Setting lmr sub-encoding to TS1/0 on input line 379.
Package textcomp Info: Setting lmdh sub-encoding to TS1/0 on input line 380.
Package textcomp Info: Setting lmss sub-encoding to TS1/0 on input line 381.
Package textcomp Info: Setting lmssq sub-encoding to TS1/0 on input line 382.
Package textcomp Info: Setting lmvtt sub-encoding to TS1/0 on input line 383.
Package textcomp Info: Setting lmtt sub-encoding to TS1/0 on input line 384.
Package textcomp Info: Setting qhv sub-encoding to TS1/0 on input line 385.
Package textcomp Info: Setting qag sub-encoding to TS1/0 on input line 386.
Package textcomp Info: Setting qbk sub-encoding to TS1/0 on input line 387.
Package textcomp Info: Setting qcr sub-encoding to TS1/0 on input line 388.
Package textcomp Info: Setting qcs sub-encoding to TS1/0 on input line 389.
Package textcomp Info: Setting qpl sub-encoding to TS1/0 on input line 390.
Package textcomp Info: Setting qtm sub-encoding to TS1/0 on input line 391.
Package textcomp Info: Setting qzc sub-encoding to TS1/0 on input line 392.
Package textcomp Info: Setting qhvc sub-encoding to TS1/0 on input line 393.
Package textcomp Info: Setting futs sub-encoding to TS1/4 on input line 394.
Package textcomp Info: Setting futx sub-encoding to TS1/4 on input line 395.
Package textcomp Info: Setting futj sub-encoding to TS1/4 on input line 396.
Package textcomp Info: Setting hlh sub-encoding to TS1/3 on input line 397.
Package textcomp Info: Setting hls sub-encoding to TS1/3 on input line 398.
Package textcomp Info: Setting hlst sub-encoding to TS1/3 on input line 399.
Package textcomp Info: Setting hlct sub-encoding to TS1/5 on input line 400.
Package textcomp Info: Setting hlx sub-encoding to TS1/5 on input line 401.
Package textcomp Info: Setting hlce sub-encoding to TS1/5 on input line 402.
Package textcomp Info: Setting hlcn sub-encoding to TS1/5 on input line 403.
Package textcomp Info: Setting hlcw sub-encoding to TS1/5 on input line 404.
Package textcomp Info: Setting hlcf sub-encoding to TS1/5 on input line 405.
Package textcomp Info: Setting pplx sub-encoding to TS1/3 on input line 406.
Package textcomp Info: Setting pplj sub-encoding to TS1/3 on input line 407.
Package textcomp Info: Setting ptmx sub-encoding to TS1/4 on input line 408.
Package textcomp Info: Setting ptmj sub-encoding to TS1/4 on input line 409.
)
\c@mv@ss=\count88
\c@mv@ssbold=\count89
 (/usr/local/texlive/2018/texmf-dist/tex/latex/inconsolata/zi4.sty
Package: zi4 2017/01/04 v1.112
 `inconsolata-zi4' v1.112, 2017/01/04 Text macros for Inconsolata (msharpe) (/usr/local/texlive/2018/texmf-dist/tex/latex/xkeyval/xkeyval.sty
Package: xkeyval 2014/12/03 v2.7a package option processing (HA)
 (/usr/local/texlive/2018/texmf-dist/tex/generic/xkeyval/xkeyval.tex (/usr/local/texlive/2018/texmf-dist/tex/generic/xkeyval/xkvutils.tex
\XKV@toks=\toks16
\XKV@tempa@toks=\toks17
 (/usr/local/texlive/2018/texmf-dist/tex/generic/xkeyval/keyval.tex))
\XKV@depth=\count90
File: xkeyval.tex 2014/12/03 v2.7a key=value parser (HA)
))
\zifour@ocount=\count91
) (/usr/local/texlive/2018/texmf-dist/tex/latex/amsfonts/amssymb.sty
Package: amssymb 2013/01/14 v3.01 AMS font symbols
 (/usr/local/texlive/2018/texmf-dist/tex/latex/amsfonts/amsfonts.sty
Package: amsfonts 2013/01/14 v3.01 Basic AMSFonts support
\@emptytoks=\toks18
\symAMSa=\mathgroup4
\symAMSb=\mathgroup5
LaTeX Font Info:    Overwriting math alphabet `\mathfrak' in version `bold'
(Font)                  U/euf/m/n --> U/euf/b/n on input line 106.
))
\dg@wordmark=\box27
   defining Unicode char U+2007 (decimal 8199)
 (/usr/local/texlive/2018/texmf-dist/tex/generic/babel/babel.sty
Package: babel 2018/11/13 3.27 The Babel package
 (/usr/local/texlive/2018/texmf-dist/tex/generic/babel/switch.def
File: switch.def 2018/11/13 3.27 Babel switching mechanism
) (/usr/local/texlive/2018/texmf-dist/tex/generic/babel-english/english.ldf
Language: english 2017/06/06 v3.3r English support from the babel system
 (/usr/local/texlive/2018/texmf-dist/tex/generic/babel/babel.def
File: babel.def 2018/11/13 3.27 Babel common definitions
\babel@savecnt=\count92
\U@D=\dimen104
 (/usr/local/texlive/2018/texmf-dist/tex/generic/babel/txtbabel.def)
\bbl@dirlevel=\count93
)
\l@canadian = a dialect from \language\l@american 
\l@australian = a dialect from \language\l@british 
\l@newzealand = a dialect from \language\l@british 
) (/usr/local/texlive/2018/texmf-dist/tex/generic/babel-english/USenglish.ldf
Language: USenglish 2017/06/06 v3.3r English support from the babel system
 (/usr/local/texlive/2018/texmf-dist/tex/generic/babel-english/english.ldf
Language: english 2017/06/06 v3.3r English support from the babel system
)))

Package Babel Warning: The package option `english' should not be used
(Babel)                with a more specific one (like `USenglish') on input line 1709.

(/usr/local/texlive/2018/texmf-dist/tex/latex/ms/ragged2e.sty
Package: ragged2e 2009/05/21 v2.1 ragged2e Package (MS)
 (/usr/local/texlive/2018/texmf-dist/tex/latex/ms/everysel.sty
Package: everysel 2011/10/28 v1.2 EverySelectfont Package (MS)
)
\CenteringLeftskip=\skip43
\RaggedLeftLeftskip=\skip44
\RaggedRightLeftskip=\skip45
\CenteringRightskip=\skip46
\RaggedLeftRightskip=\skip47
\RaggedRightRightskip=\skip48
\CenteringParfillskip=\skip49
\RaggedLeftParfillskip=\skip50
\RaggedRightParfillskip=\skip51
\JustifyingParfillskip=\skip52
\CenteringParindent=\skip53
\RaggedLeftParindent=\skip54
\RaggedRightParindent=\skip55
\JustifyingParindent=\skip56
) (/usr/local/texlive/2018/texmf-dist/tex/latex/footmisc/footmisc.sty
Package: footmisc 2011/06/06 v5.5b a miscellany of footnote facilities
\FN@temptoken=\toks19
\footnotemargin=\dimen105
\c@pp@next@reset=\count94
Package footmisc Info: Declaring symbol style bringhurst on input line 855.
Package footmisc Info: Declaring symbol style chicago on input line 863.
Package footmisc Info: Declaring symbol style wiley on input line 872.
Package footmisc Info: Declaring symbol style lamport-robust on input line 883.
Package footmisc Info: Declaring symbol style lamport* on input line 903.
Package footmisc Info: Declaring symbol style lamport*-robust on input line 924.
) (/usr/local/texlive/2018/texmf-dist/tex/latex/amsmath/amsmath.sty
Package: amsmath 2018/12/01 v2.17b AMS math features
\@mathmargin=\skip57

For additional information on amsmath, use the `?' option.
(/usr/local/texlive/2018/texmf-dist/tex/latex/amsmath/amstext.sty
Package: amstext 2000/06/29 v2.01 AMS text
 (/usr/local/texlive/2018/texmf-dist/tex/latex/amsmath/amsgen.sty
File: amsgen.sty 1999/11/30 v2.0 generic functions
\@emptytoks=\toks20
\ex@=\dimen106
)) (/usr/local/texlive/2018/texmf-dist/tex/latex/amsmath/amsbsy.sty
Package: amsbsy 1999/11/29 v1.2d Bold Symbols
\pmbraise@=\dimen107
) (/usr/local/texlive/2018/texmf-dist/tex/latex/amsmath/amsopn.sty
Package: amsopn 2016/03/08 v2.02 operator names
)
\inf@bad=\count95
LaTeX Info: Redefining \frac on input line 223.
\uproot@=\count96
\leftroot@=\count97
LaTeX Info: Redefining \overline on input line 385.
\classnum@=\count98
\DOTSCASE@=\count99
LaTeX Info: Redefining \ldots on input line 482.
LaTeX Info: Redefining \dots on input line 485.
LaTeX Info: Redefining \cdots on input line 606.
\Mathstrutbox@=\box28
\strutbox@=\box29
\big@size=\dimen108
LaTeX Font Info:    Redeclaring font encoding OML on input line 729.
LaTeX Font Info:    Redeclaring font encoding OMS on input line 730.
\macc@depth=\count100
\c@MaxMatrixCols=\count101
\dotsspace@=\muskip10
\c@parentequation=\count102
\dspbrk@lvl=\count103
\tag@help=\toks21
\row@=\count104
\column@=\count105
\maxfields@=\count106
\andhelp@=\toks22
\eqnshift@=\dimen109
\alignsep@=\dimen110
\tagshift@=\dimen111
\tagwidth@=\dimen112
\totwidth@=\dimen113
\lineht@=\dimen114
\@envbody=\toks23
\multlinegap=\skip58
\multlinetaggap=\skip59
\mathdisplay@stack=\toks24
LaTeX Info: Redefining \[ on input line 2844.
LaTeX Info: Redefining \] on input line 2845.
) (/usr/local/texlive/2018/texmf-dist/tex/latex/amscls/amsthm.sty
Package: amsthm 2017/10/31 v2.20.4
\thm@style=\toks25
\thm@bodyfont=\toks26
\thm@headfont=\toks27
\thm@notefont=\toks28
\thm@headpunct=\toks29
\thm@preskip=\skip60
\thm@postskip=\skip61
\thm@headsep=\skip62
\dth@everypar=\toks30
) (/usr/local/texlive/2018/texmf-dist/tex/latex/graphics/graphicx.sty
Package: graphicx 2017/06/01 v1.1a Enhanced LaTeX Graphics (DPC,SPQR)
 (/usr/local/texlive/2018/texmf-dist/tex/latex/graphics/graphics.sty
Package: graphics 2017/06/25 v1.2c Standard LaTeX Graphics (DPC,SPQR)
 (/usr/local/texlive/2018/texmf-dist/tex/latex/graphics/trig.sty
Package: trig 2016/01/03 v1.10 sin cos tan (DPC)
) (/usr/local/texlive/2018/texmf-dist/tex/latex/graphics-cfg/graphics.cfg
File: graphics.cfg 2016/06/04 v1.11 sample graphics configuration
)
Package graphics Info: Driver file: pdftex.def on input line 99.
 (/usr/local/texlive/2018/texmf-dist/tex/latex/graphics-def/pdftex.def
File: pdftex.def 2018/01/08 v1.0l Graphics/color driver for pdftex
))
\Gin@req@height=\dimen115
\Gin@req@width=\dimen116
) (/usr/local/texlive/2018/texmf-dist/tex/latex/tools/array.sty
Package: array 2018/12/30 v2.4k Tabular extension package (FMi)
\col@sep=\dimen117
\ar@mcellbox=\box30
\extrarowheight=\dimen118
\NC@list=\toks31
\extratabsurround=\skip63
\backup@length=\skip64
\ar@cellbox=\box31
) (/usr/local/texlive/2018/texmf-dist/tex/latex/multirow/multirow.sty
Package: multirow 2019/01/01 v2.4 Span multiple rows of a table
\multirow@colwidth=\skip65
\multirow@cntb=\count107
\multirow@dima=\skip66
\bigstrutjot=\dimen119
) (/usr/local/texlive/2018/texmf-dist/tex/latex/tools/tabularx.sty
Package: tabularx 2016/02/03 v2.11b `tabularx' package (DPC)
\TX@col@width=\dimen120
\TX@old@table=\dimen121
\TX@old@col=\dimen122
\TX@target=\dimen123
\TX@delta=\dimen124
\TX@cols=\count108
\TX@ftn=\toks32
) (/usr/local/texlive/2018/texmf-dist/tex/latex/multirow/bigstrut.sty
Package: bigstrut 2019/01/01 v2.4 Provide larger struts in tabulars
) (/usr/local/texlive/2018/texmf-dist/tex/latex/supertabular/supertabular.sty
Package: supertabular 2004/02/20 v4.1e the supertabular environment
\c@tracingst=\count109
\ST@wd=\dimen125
\ST@rightskip=\skip67
\ST@leftskip=\skip68
\ST@parfillskip=\skip69
\ST@pageleft=\dimen126
\ST@headht=\dimen127
\ST@tailht=\dimen128
\ST@pagesofar=\dimen129
\ST@pboxht=\dimen130
\ST@lineht=\dimen131
\ST@stretchht=\dimen132
\ST@prevht=\dimen133
\ST@toadd=\dimen134
\ST@dimen=\dimen135
\ST@pbox=\box32
) (/usr/local/texlive/2018/texmf-dist/tex/latex/booktabs/booktabs.sty
Package: booktabs 2016/04/27 v1.618033 publication quality tables
\heavyrulewidth=\dimen136
\lightrulewidth=\dimen137
\cmidrulewidth=\dimen138
\belowrulesep=\dimen139
\belowbottomsep=\dimen140
\aboverulesep=\dimen141
\abovetopsep=\dimen142
\cmidrulesep=\dimen143
\cmidrulekern=\dimen144
\defaultaddspace=\dimen145
\@cmidla=\count110
\@cmidlb=\count111
\@aboverulesep=\dimen146
\@belowrulesep=\dimen147
\@thisruleclass=\count112
\@lastruleclass=\count113
\@thisrulewidth=\dimen148
) (/usr/local/texlive/2018/texmf-dist/tex/latex/tools/multicol.sty
Package: multicol 2018/12/27 v1.8v multicolumn formatting (FMi)
\c@tracingmulticols=\count114
\mult@box=\box33
\multicol@leftmargin=\dimen149
\c@unbalance=\count115
\c@collectmore=\count116
\doublecol@number=\count117
\multicoltolerance=\count118
\multicolpretolerance=\count119
\full@width=\dimen150
\page@free=\dimen151
\premulticols=\dimen152
\postmulticols=\dimen153
\multicolsep=\skip70
\multicolbaselineskip=\skip71
\partial@page=\box34
\last@line=\box35
\maxbalancingoverflow=\dimen154
\mult@rightbox=\box36
\mult@grightbox=\box37
\mult@gfirstbox=\box38
\mult@firstbox=\box39
\@tempa=\box40
\@tempa=\box41
\@tempa=\box42
\@tempa=\box43
\@tempa=\box44
\@tempa=\box45
\@tempa=\box46
\@tempa=\box47
\@tempa=\box48
\@tempa=\box49
\@tempa=\box50
\@tempa=\box51
\@tempa=\box52
\@tempa=\box53
\@tempa=\box54
\@tempa=\box55
\@tempa=\box56
\c@columnbadness=\count120
\c@finalcolumnbadness=\count121
\last@try=\dimen155
\multicolovershoot=\dimen156
\multicolundershoot=\dimen157
\mult@nat@firstbox=\box57
\colbreak@box=\box58
\mc@col@check@num=\count122
) (/usr/local/texlive/2018/texmf-dist/tex/latex/caption/caption.sty
Package: caption 2018/10/06 v3.3-154 Customizing captions (AR)
 (/usr/local/texlive/2018/texmf-dist/tex/latex/caption/caption3.sty
Package: caption3 2018/09/12 v1.8c caption3 kernel (AR)
Package caption3 Info: TeX engine: e-TeX on input line 64.
\captionmargin=\dimen158
\captionmargin@=\dimen159
\captionwidth=\dimen160
\caption@tempdima=\dimen161
\caption@indent=\dimen162
\caption@parindent=\dimen163
\caption@hangindent=\dimen164
)
\c@caption@flags=\count123
\c@ContinuedFloat=\count124
Package caption Info: supertabular package is loaded.
) (/usr/local/texlive/2018/texmf-dist/tex/latex/sidecap/sidecap.sty
Package: sidecap 2003/06/06 v1.6f SideCap Package (RN/HjG)
 (/usr/local/texlive/2018/texmf-dist/tex/latex/base/ifthen.sty
Package: ifthen 2014/09/29 v1.1c Standard LaTeX ifthen package (DPC)
)
\SC@BOXWD=\dimen165
\SC@CAPWD=\dimen166
\SC@tempdima=\dimen167
\SC@tempdimb=\dimen168
\c@SC@C=\count125
\SC@BOX=\box59
) (/usr/local/texlive/2018/texmf-dist/tex/latex/graphics/rotating.sty
Package: rotating 2016/08/11 v2.16d rotated objects in LaTeX
\c@r@tfl@t=\count126
\rotFPtop=\skip72
\rotFPbot=\skip73
\rot@float@box=\box60
\rot@mess@toks=\toks33
) (/usr/local/texlive/2018/texmf-dist/tex/latex/base/makeidx.sty
Package: makeidx 2014/09/29 v1.0m Standard LaTeX package
)
\@indexfile=\write3
\openout3 = `revised_JPE.idx'.


Writing index file revised_JPE.idx
(/usr/local/texlive/2018/texmf-dist/tex/latex/url/url.sty
\Urlmuskip=\muskip11
Package: url 2013/09/16  ver 3.4  Verb mode for urls, etc.
) (/usr/local/texlive/2018/texmf-dist/tex/latex/hyperref/hyperref.sty
Package: hyperref 2018/11/30 v6.88e Hypertext links for LaTeX
 (/usr/local/texlive/2018/texmf-dist/tex/generic/oberdiek/hobsub-hyperref.sty
Package: hobsub-hyperref 2016/05/16 v1.14 Bundle oberdiek, subset hyperref (HO)
 (/usr/local/texlive/2018/texmf-dist/tex/generic/oberdiek/hobsub-generic.sty
Package: hobsub-generic 2016/05/16 v1.14 Bundle oberdiek, subset generic (HO)
Package: hobsub 2016/05/16 v1.14 Construct package bundles (HO)
Package: infwarerr 2016/05/16 v1.4 Providing info/warning/error messages (HO)
Package: ltxcmds 2016/05/16 v1.23 LaTeX kernel commands for general use (HO)
Package: ifluatex 2016/05/16 v1.4 Provides the ifluatex switch (HO)
Package ifluatex Info: LuaTeX not detected.
Package: ifvtex 2016/05/16 v1.6 Detect VTeX and its facilities (HO)
Package ifvtex Info: VTeX not detected.
Package: intcalc 2016/05/16 v1.2 Expandable calculations with integers (HO)
Package: ifpdf 2018/09/07 v3.3 Provides the ifpdf switch
Package: etexcmds 2016/05/16 v1.6 Avoid name clashes with e-TeX commands (HO)
Package etexcmds Info: Could not find \expanded.
(etexcmds)             That can mean that you are not using pdfTeX 1.50 or
(etexcmds)             that some package has redefined \expanded.
(etexcmds)             In the latter case, load this package earlier.
Package: kvsetkeys 2016/05/16 v1.17 Key value parser (HO)
Package: kvdefinekeys 2016/05/16 v1.4 Define keys (HO)
Package: pdftexcmds 2018/09/10 v0.29 Utility functions of pdfTeX for LuaTeX (HO)
Package pdftexcmds Info: LuaTeX not detected.
Package pdftexcmds Info: \pdf@primitive is available.
Package pdftexcmds Info: \pdf@ifprimitive is available.
Package pdftexcmds Info: \pdfdraftmode found.
Package: pdfescape 2016/05/16 v1.14 Implements pdfTeX's escape features (HO)
Package: bigintcalc 2016/05/16 v1.4 Expandable calculations on big integers (HO)
Package: bitset 2016/05/16 v1.2 Handle bit-vector datatype (HO)
Package: uniquecounter 2016/05/16 v1.3 Provide unlimited unique counter (HO)
)
Package hobsub Info: Skipping package `hobsub' (already loaded).
Package: letltxmacro 2016/05/16 v1.5 Let assignment for LaTeX macros (HO)
Package: hopatch 2016/05/16 v1.3 Wrapper for package hooks (HO)
Package: xcolor-patch 2016/05/16 xcolor patch
Package: atveryend 2016/05/16 v1.9 Hooks at the very end of document (HO)
Package atveryend Info: \enddocument detected (standard20110627).
Package: atbegshi 2016/06/09 v1.18 At begin shipout hook (HO)
Package: refcount 2016/05/16 v3.5 Data extraction from label references (HO)
Package: hycolor 2016/05/16 v1.8 Color options for hyperref/bookmark (HO)
) (/usr/local/texlive/2018/texmf-dist/tex/generic/ifxetex/ifxetex.sty
Package: ifxetex 2010/09/12 v0.6 Provides ifxetex conditional
) (/usr/local/texlive/2018/texmf-dist/tex/latex/oberdiek/auxhook.sty
Package: auxhook 2016/05/16 v1.4 Hooks for auxiliary files (HO)
) (/usr/local/texlive/2018/texmf-dist/tex/latex/oberdiek/kvoptions.sty
Package: kvoptions 2016/05/16 v3.12 Key value format for package options (HO)
)
\@linkdim=\dimen169
\Hy@linkcounter=\count127
\Hy@pagecounter=\count128
 (/usr/local/texlive/2018/texmf-dist/tex/latex/hyperref/pd1enc.def
File: pd1enc.def 2018/11/30 v6.88e Hyperref: PDFDocEncoding definition (HO)
Now handling font encoding PD1 ...
... no UTF-8 mapping file for font encoding PD1
)
\Hy@SavedSpaceFactor=\count129
 (/usr/local/texlive/2018/texmf-dist/tex/latex/latexconfig/hyperref.cfg
File: hyperref.cfg 2002/06/06 v1.2 hyperref configuration of TeXLive
)
Package hyperref Info: Option `breaklinks' set `true' on input line 4393.
Package hyperref Info: Option `linktocpage' set `true' on input line 4393.
Package hyperref Info: Option `bookmarksnumbered' set `true' on input line 4393.
Package hyperref Info: Hyper figures OFF on input line 4519.
Package hyperref Info: Link nesting OFF on input line 4524.
Package hyperref Info: Hyper index ON on input line 4527.
Package hyperref Info: Plain pages OFF on input line 4534.
Package hyperref Info: Backreferencing OFF on input line 4539.
Package hyperref Info: Implicit mode ON; LaTeX internals redefined.
Package hyperref Info: Bookmarks ON on input line 4772.
\c@Hy@tempcnt=\count130
LaTeX Info: Redefining \url on input line 5125.
\XeTeXLinkMargin=\dimen170
\Fld@menulength=\count131
\Field@Width=\dimen171
\Fld@charsize=\dimen172
Package hyperref Info: Hyper figures OFF on input line 6380.
Package hyperref Info: Link nesting OFF on input line 6385.
Package hyperref Info: Hyper index ON on input line 6388.
Package hyperref Info: backreferencing OFF on input line 6395.
Package hyperref Info: Link coloring OFF on input line 6400.
Package hyperref Info: Link coloring with OCG OFF on input line 6405.
Package hyperref Info: PDF/A mode OFF on input line 6410.
LaTeX Info: Redefining \ref on input line 6450.
LaTeX Info: Redefining \pageref on input line 6454.
\Hy@abspage=\count132
\c@Item=\count133
\c@Hfootnote=\count134
)
Package hyperref Info: Driver (autodetected): hpdftex.
 (/usr/local/texlive/2018/texmf-dist/tex/latex/hyperref/hpdftex.def
File: hpdftex.def 2018/11/30 v6.88e Hyperref driver for pdfTeX
\Fld@listcount=\count135
\c@bookmark@seq@number=\count136
 (/usr/local/texlive/2018/texmf-dist/tex/latex/oberdiek/rerunfilecheck.sty
Package: rerunfilecheck 2016/05/16 v1.8 Rerun checks for auxiliary files (HO)
Package uniquecounter Info: New unique counter `rerunfilecheck' on input line 282.
)
\Hy@SectionHShift=\skip74
) (/usr/local/texlive/2018/texmf-dist/tex/latex/doi/doi.sty
Package: doi 2018/09/09 handle doi numbers
) (/usr/local/texlive/2018/texmf-dist/tex/latex/ncctools/manyfoot.sty
Package: manyfoot 2005/09/11 v1.10 Many Footnote Levels Package (NCC)
 (/usr/local/texlive/2018/texmf-dist/tex/latex/ncctools/nccfoots.sty
Package: nccfoots 2005/02/03 v1.2 NCC Footnotes Package (NCC)
)
\MFL@columnwidth=\dimen173
\footglue=\skip75
) (/usr/local/texlive/2018/texmf-dist/tex/latex/preprint/authblk.sty
Package: authblk 2001/02/27 1.3 (PWD)
\affilsep=\skip76
\@affilsep=\skip77
\c@Maxaffil=\count137
\c@authors=\count138
\c@affil=\count139
)
\footinsnote=\insert199
\footinsauthor=\insert198
 (/usr/local/texlive/2018/texmf-dist/tex/latex/lastpage/lastpage.sty
Package: lastpage 2015/03/29 v1.2m Refers to last page's name (HMM; JPG)
) (/usr/local/texlive/2018/texmf-dist/tex/latex/environ/environ.sty
Package: environ 2014/05/04 v0.3 A new way to define environments
 (/usr/local/texlive/2018/texmf-dist/tex/latex/trimspaces/trimspaces.sty
Package: trimspaces 2009/09/17 v1.1 Trim spaces around a token list
))) (/usr/local/texlive/2018/texmf-dist/tex/latex/lineno/lineno.sty
Package: lineno 2005/11/02 line numbers on paragraphs v4.41
\linenopenalty=\count140
\output=\toks34
\linenoprevgraf=\count141
\linenumbersep=\dimen174
\linenumberwidth=\dimen175
\c@linenumber=\count142
\c@pagewiselinenumber=\count143
\c@LN@truepage=\count144
\c@internallinenumber=\count145
\c@internallinenumbers=\count146
\quotelinenumbersep=\dimen176
\bframerule=\dimen177
\bframesep=\dimen178
\bframebox=\box61
LaTeX Info: Redefining \\ on input line 3056.
) (/usr/local/texlive/2018/texmf-dist/tex/latex/base/latexsym.sty
Package: latexsym 1998/08/17 v2.2e Standard LaTeX package (lasy symbols)
\symlasy=\mathgroup6
LaTeX Font Info:    Overwriting symbol font `lasy' in version `bold'
(Font)                  U/lasy/m/n --> U/lasy/b/n on input line 52.
) (/usr/local/texlive/2018/texmf-dist/tex/latex/tabulary/tabulary.sty
Package: tabulary 2014/06/11 v0.10 tabulary package (DPC)
\TY@count=\count147
\TY@linewidth=\dimen179
\tymin=\dimen180
\tymax=\dimen181
\TY@tablewidth=\dimen182
) (/usr/local/texlive/2018/texmf-dist/tex/latex/psnfss/times.sty
Package: times 2005/04/12 PSNFSS-v9.2a (SPQR) 
) (/usr/local/texlive/2018/texmf-dist/tex/latex/xcolor/xcolor.sty
Package: xcolor 2016/05/11 v2.12 LaTeX color extensions (UK)
 (/usr/local/texlive/2018/texmf-dist/tex/latex/graphics-cfg/color.cfg
File: color.cfg 2016/01/02 v1.6 sample color configuration
)
Package xcolor Info: Driver file: pdftex.def on input line 225.
Package xcolor Info: Model `cmy' substituted by `cmy0' on input line 1348.
Package xcolor Info: Model `hsb' substituted by `rgb' on input line 1352.
Package xcolor Info: Model `RGB' extended on input line 1364.
Package xcolor Info: Model `HTML' substituted by `rgb' on input line 1366.
Package xcolor Info: Model `Hsb' substituted by `hsb' on input line 1367.
Package xcolor Info: Model `tHsb' substituted by `hsb' on input line 1368.
Package xcolor Info: Model `HSB' substituted by `hsb' on input line 1369.
Package xcolor Info: Model `Gray' substituted by `gray' on input line 1370.
Package xcolor Info: Model `wave' substituted by `hsb' on input line 1371.
) (/usr/local/texlive/2018/texmf-dist/tex/latex/morefloats/morefloats.sty
Package: morefloats 2015/07/22 v1.0h Raise limit of unprocessed floats (HMM)
Package morefloats Info: Maximum number of possible floats asked for: 36
(morefloats)             (i.e. 18 more floats).
(morefloats)             LaTeX might run out of memory before this
(morefloats)             (in which case it will notify you).
) (/usr/local/texlive/2018/texmf-dist/tex/latex/floatflt/floatflt.sty
Package: floatflt 1997/07/16 v. 1.31
\c@OptionTest=\count148
\figbox=\box62
\tabbox=\box63
\pagebox=\box64
\ffigcount=\count149
\ftabcount=\count150
\fftest=\count151
\hangcount=\count152
\nosuccesstryfig=\count153
\nosuccesstrytab=\count154
\figgutter=\dimen183
\tabgutter=\dimen184
\htdone=\dimen185
\pageht=\dimen186
\startpageht=\dimen187
\tabbredd=\dimen188
\floatfltwidth=\dimen189
\fltitemwidth=\dimen190
\outputpretest=\toks35
) (/usr/local/texlive/2018/texmf-dist/tex/latex/cancel/cancel.sty
Package: cancel 2013/04/12 v2.2 Cancel math terms
) (/usr/local/texlive/2018/texmf-dist/tex/latex/tfrupee/tfrupee.sty
Package: tfrupee 2010/12/15 LaTeX Support for the TechFat Rupee symbols by TechFat (http://techfat.blogspot.com/2010/07/new-open-source-india-rupee-font.html). Adapted for use with TeX by Palle Jorgensen, hamselv(a)pallej.dk
) (/usr/local/texlive/2018/texmf-dist/tex/latex/pgf/frontendlayer/tikz.sty
(/usr/local/texlive/2018/texmf-dist/tex/latex/pgf/basiclayer/pgf.sty (/usr/local/texlive/2018/texmf-dist/tex/latex/pgf/utilities/pgfrcs.sty (/usr/local/texlive/2018/texmf-dist/tex/generic/pgf/utilities/pgfutil-common.tex
\pgfutil@everybye=\toks36
\pgfutil@tempdima=\dimen191
\pgfutil@tempdimb=\dimen192
 (/usr/local/texlive/2018/texmf-dist/tex/generic/pgf/utilities/pgfutil-common-lists.tex)) (/usr/local/texlive/2018/texmf-dist/tex/generic/pgf/utilities/pgfutil-latex.def
\pgfutil@abb=\box65
 (/usr/local/texlive/2018/texmf-dist/tex/latex/ms/everyshi.sty
Package: everyshi 2001/05/15 v3.00 EveryShipout Package (MS)
)) (/usr/local/texlive/2018/texmf-dist/tex/generic/pgf/utilities/pgfrcs.code.tex (/usr/local/texlive/2018/texmf-dist/tex/generic/pgf/pgf.revision.tex)
Package: pgfrcs 2019/02/02 v3.1.1 (3.1.1)
))
Package: pgf 2019/02/02 v3.1.1 (3.1.1)
 (/usr/local/texlive/2018/texmf-dist/tex/latex/pgf/basiclayer/pgfcore.sty (/usr/local/texlive/2018/texmf-dist/tex/latex/pgf/systemlayer/pgfsys.sty (/usr/local/texlive/2018/texmf-dist/tex/generic/pgf/systemlayer/pgfsys.code.tex
Package: pgfsys 2019/02/02 v3.1.1 (3.1.1)
 (/usr/local/texlive/2018/texmf-dist/tex/generic/pgf/utilities/pgfkeys.code.tex
\pgfkeys@pathtoks=\toks37
\pgfkeys@temptoks=\toks38
 (/usr/local/texlive/2018/texmf-dist/tex/generic/pgf/utilities/pgfkeysfiltered.code.tex
\pgfkeys@tmptoks=\toks39
))
\pgf@x=\dimen193
\pgf@y=\dimen194
\pgf@xa=\dimen195
\pgf@ya=\dimen196
\pgf@xb=\dimen197
\pgf@yb=\dimen256
\pgf@xc=\dimen257
\pgf@yc=\dimen258
\w@pgf@writea=\write4
\r@pgf@reada=\read1
\c@pgf@counta=\count155
\c@pgf@countb=\count156
\c@pgf@countc=\count157
\c@pgf@countd=\count158
\t@pgf@toka=\toks40
\t@pgf@tokb=\toks41
\t@pgf@tokc=\toks42
\pgf@sys@id@count=\count159
 (/usr/local/texlive/2018/texmf-dist/tex/generic/pgf/systemlayer/pgf.cfg
File: pgf.cfg 2019/02/02 v3.1.1 (3.1.1)
)
Driver file for pgf: pgfsys-pdftex.def
 (/usr/local/texlive/2018/texmf-dist/tex/generic/pgf/systemlayer/pgfsys-pdftex.def
File: pgfsys-pdftex.def 2019/02/02 v3.1.1 (3.1.1)
 (/usr/local/texlive/2018/texmf-dist/tex/generic/pgf/systemlayer/pgfsys-common-pdf.def
File: pgfsys-common-pdf.def 2019/02/02 v3.1.1 (3.1.1)
))) (/usr/local/texlive/2018/texmf-dist/tex/generic/pgf/systemlayer/pgfsyssoftpath.code.tex
File: pgfsyssoftpath.code.tex 2019/02/02 v3.1.1 (3.1.1)
\pgfsyssoftpath@smallbuffer@items=\count160
\pgfsyssoftpath@bigbuffer@items=\count161
) (/usr/local/texlive/2018/texmf-dist/tex/generic/pgf/systemlayer/pgfsysprotocol.code.tex
File: pgfsysprotocol.code.tex 2019/02/02 v3.1.1 (3.1.1)
)) (/usr/local/texlive/2018/texmf-dist/tex/generic/pgf/basiclayer/pgfcore.code.tex
Package: pgfcore 2019/02/02 v3.1.1 (3.1.1)
 (/usr/local/texlive/2018/texmf-dist/tex/generic/pgf/math/pgfmath.code.tex (/usr/local/texlive/2018/texmf-dist/tex/generic/pgf/math/pgfmathcalc.code.tex (/usr/local/texlive/2018/texmf-dist/tex/generic/pgf/math/pgfmathutil.code.tex) (/usr/local/texlive/2018/texmf-dist/tex/generic/pgf/math/pgfmathparser.code.tex
\pgfmath@dimen=\dimen259
\pgfmath@count=\count162
\pgfmath@box=\box66
\pgfmath@toks=\toks43
\pgfmath@stack@operand=\toks44
\pgfmath@stack@operation=\toks45
) (/usr/local/texlive/2018/texmf-dist/tex/generic/pgf/math/pgfmathfunctions.code.tex (/usr/local/texlive/2018/texmf-dist/tex/generic/pgf/math/pgfmathfunctions.basic.code.tex)
(/usr/local/texlive/2018/texmf-dist/tex/generic/pgf/math/pgfmathfunctions.trigonometric.code.tex) (/usr/local/texlive/2018/texmf-dist/tex/generic/pgf/math/pgfmathfunctions.random.code.tex) (/usr/local/texlive/2018/texmf-dist/tex/generic/pgf/math/pgfmathfunctions.comparison.code.tex) (/usr/local/texlive/2018/texmf-dist/tex/generic/pgf/math/pgfmathfunctions.base.code.tex) (/usr/local/texlive/2018/texmf-dist/tex/generic/pgf/math/pgfmathfunctions.round.code.tex) (/usr/local/texlive/2018/texmf-dist/tex/generic/pgf/math/pgfmathfunctions.misc.code.tex) (/usr/local/texlive/2018/texmf-dist/tex/generic/pgf/math/pgfmathfunctions.integerarithmetics.code.tex))) (/usr/local/texlive/2018/texmf-dist/tex/generic/pgf/math/pgfmathfloat.code.tex
\c@pgfmathroundto@lastzeros=\count163
)) (/usr/local/texlive/2018/texmf-dist/tex/generic/pgf/basiclayer/pgfcorepoints.code.tex
File: pgfcorepoints.code.tex 2019/02/02 v3.1.1 (3.1.1)
\pgf@picminx=\dimen260
\pgf@picmaxx=\dimen261
\pgf@picminy=\dimen262
\pgf@picmaxy=\dimen263
\pgf@pathminx=\dimen264
\pgf@pathmaxx=\dimen265
\pgf@pathminy=\dimen266
\pgf@pathmaxy=\dimen267
\pgf@xx=\dimen268
\pgf@xy=\dimen269
\pgf@yx=\dimen270
\pgf@yy=\dimen271
\pgf@zx=\dimen272
\pgf@zy=\dimen273
) (/usr/local/texlive/2018/texmf-dist/tex/generic/pgf/basiclayer/pgfcorepathconstruct.code.tex
File: pgfcorepathconstruct.code.tex 2019/02/02 v3.1.1 (3.1.1)
\pgf@path@lastx=\dimen274
\pgf@path@lasty=\dimen275
) (/usr/local/texlive/2018/texmf-dist/tex/generic/pgf/basiclayer/pgfcorepathusage.code.tex
File: pgfcorepathusage.code.tex 2019/02/02 v3.1.1 (3.1.1)
\pgf@shorten@end@additional=\dimen276
\pgf@shorten@start@additional=\dimen277
) (/usr/local/texlive/2018/texmf-dist/tex/generic/pgf/basiclayer/pgfcorescopes.code.tex
File: pgfcorescopes.code.tex 2019/02/02 v3.1.1 (3.1.1)
\pgfpic=\box67
\pgf@hbox=\box68
\pgf@layerbox@main=\box69
\pgf@picture@serial@count=\count164
) (/usr/local/texlive/2018/texmf-dist/tex/generic/pgf/basiclayer/pgfcoregraphicstate.code.tex
File: pgfcoregraphicstate.code.tex 2019/02/02 v3.1.1 (3.1.1)
\pgflinewidth=\dimen278
) (/usr/local/texlive/2018/texmf-dist/tex/generic/pgf/basiclayer/pgfcoretransformations.code.tex
File: pgfcoretransformations.code.tex 2019/02/02 v3.1.1 (3.1.1)
\pgf@pt@x=\dimen279
\pgf@pt@y=\dimen280
\pgf@pt@temp=\dimen281
) (/usr/local/texlive/2018/texmf-dist/tex/generic/pgf/basiclayer/pgfcorequick.code.tex
File: pgfcorequick.code.tex 2019/02/02 v3.1.1 (3.1.1)
) (/usr/local/texlive/2018/texmf-dist/tex/generic/pgf/basiclayer/pgfcoreobjects.code.tex
File: pgfcoreobjects.code.tex 2019/02/02 v3.1.1 (3.1.1)
) (/usr/local/texlive/2018/texmf-dist/tex/generic/pgf/basiclayer/pgfcorepathprocessing.code.tex
File: pgfcorepathprocessing.code.tex 2019/02/02 v3.1.1 (3.1.1)
) (/usr/local/texlive/2018/texmf-dist/tex/generic/pgf/basiclayer/pgfcorearrows.code.tex
File: pgfcorearrows.code.tex 2019/02/02 v3.1.1 (3.1.1)
\pgfarrowsep=\dimen282
) (/usr/local/texlive/2018/texmf-dist/tex/generic/pgf/basiclayer/pgfcoreshade.code.tex
File: pgfcoreshade.code.tex 2019/02/02 v3.1.1 (3.1.1)
\pgf@max=\dimen283
\pgf@sys@shading@range@num=\count165
) (/usr/local/texlive/2018/texmf-dist/tex/generic/pgf/basiclayer/pgfcoreimage.code.tex
File: pgfcoreimage.code.tex 2019/02/02 v3.1.1 (3.1.1)
 (/usr/local/texlive/2018/texmf-dist/tex/generic/pgf/basiclayer/pgfcoreexternal.code.tex
File: pgfcoreexternal.code.tex 2019/02/02 v3.1.1 (3.1.1)
\pgfexternal@startupbox=\box70
)) (/usr/local/texlive/2018/texmf-dist/tex/generic/pgf/basiclayer/pgfcorelayers.code.tex
File: pgfcorelayers.code.tex 2019/02/02 v3.1.1 (3.1.1)
)
(/usr/local/texlive/2018/texmf-dist/tex/generic/pgf/basiclayer/pgfcoretransparency.code.tex
File: pgfcoretransparency.code.tex 2019/02/02 v3.1.1 (3.1.1)
) (/usr/local/texlive/2018/texmf-dist/tex/generic/pgf/basiclayer/pgfcorepatterns.code.tex
File: pgfcorepatterns.code.tex 2019/02/02 v3.1.1 (3.1.1)
) (/usr/local/texlive/2018/texmf-dist/tex/generic/pgf/basiclayer/pgfcorerdf.code.tex
File: pgfcorerdf.code.tex 2019/02/02 v3.1.1 (3.1.1)
))) (/usr/local/texlive/2018/texmf-dist/tex/generic/pgf/modules/pgfmoduleshapes.code.tex
File: pgfmoduleshapes.code.tex 2019/02/02 v3.1.1 (3.1.1)
\pgfnodeparttextbox=\box71
) (/usr/local/texlive/2018/texmf-dist/tex/generic/pgf/modules/pgfmoduleplot.code.tex
File: pgfmoduleplot.code.tex 2019/02/02 v3.1.1 (3.1.1)
) (/usr/local/texlive/2018/texmf-dist/tex/latex/pgf/compatibility/pgfcomp-version-0-65.sty
Package: pgfcomp-version-0-65 2019/02/02 v3.1.1 (3.1.1)
\pgf@nodesepstart=\dimen284
\pgf@nodesepend=\dimen285
) (/usr/local/texlive/2018/texmf-dist/tex/latex/pgf/compatibility/pgfcomp-version-1-18.sty
Package: pgfcomp-version-1-18 2019/02/02 v3.1.1 (3.1.1)
)) (/usr/local/texlive/2018/texmf-dist/tex/latex/pgf/utilities/pgffor.sty (/usr/local/texlive/2018/texmf-dist/tex/latex/pgf/utilities/pgfkeys.sty (/usr/local/texlive/2018/texmf-dist/tex/generic/pgf/utilities/pgfkeys.code.tex)) (/usr/local/texlive/2018/texmf-dist/tex/latex/pgf/math/pgfmath.sty (/usr/local/texlive/2018/texmf-dist/tex/generic/pgf/math/pgfmath.code.tex)) (/usr/local/texlive/2018/texmf-dist/tex/generic/pgf/utilities/pgffor.code.tex
Package: pgffor 2019/02/02 v3.1.1 (3.1.1)
 (/usr/local/texlive/2018/texmf-dist/tex/generic/pgf/math/pgfmath.code.tex)
\pgffor@iter=\dimen286
\pgffor@skip=\dimen287
\pgffor@stack=\toks46
\pgffor@toks=\toks47
)) (/usr/local/texlive/2018/texmf-dist/tex/generic/pgf/frontendlayer/tikz/tikz.code.tex
Package: tikz 2019/02/02 v3.1.1 (3.1.1)
 (/usr/local/texlive/2018/texmf-dist/tex/generic/pgf/libraries/pgflibraryplothandlers.code.tex
File: pgflibraryplothandlers.code.tex 2019/02/02 v3.1.1 (3.1.1)
\pgf@plot@mark@count=\count166
\pgfplotmarksize=\dimen288
)
\tikz@lastx=\dimen289
\tikz@lasty=\dimen290
\tikz@lastxsaved=\dimen291
\tikz@lastysaved=\dimen292
\tikzleveldistance=\dimen293
\tikzsiblingdistance=\dimen294
\tikz@figbox=\box72
\tikz@figbox@bg=\box73
\tikz@tempbox=\box74
\tikz@tempbox@bg=\box75
\tikztreelevel=\count167
\tikznumberofchildren=\count168
\tikznumberofcurrentchild=\count169
\tikz@fig@count=\count170
 (/usr/local/texlive/2018/texmf-dist/tex/generic/pgf/modules/pgfmodulematrix.code.tex
File: pgfmodulematrix.code.tex 2019/02/02 v3.1.1 (3.1.1)
\pgfmatrixcurrentrow=\count171
\pgfmatrixcurrentcolumn=\count172
\pgf@matrix@numberofcolumns=\count173
)
\tikz@expandcount=\count174
 (/usr/local/texlive/2018/texmf-dist/tex/generic/pgf/frontendlayer/tikz/libraries/tikzlibrarytopaths.code.tex
File: tikzlibrarytopaths.code.tex 2019/02/02 v3.1.1 (3.1.1)
))) (/usr/local/texlive/2018/texmf-dist/tex/latex/makecell/makecell.sty
Package: makecell 2009/08/03 V0.1e Managing of Tab Column Heads and Cells
\rotheadsize=\dimen295
\c@nlinenum=\count175
\TeXr@lab=\toks48
) (/usr/local/texlive/2018/texmf-dist/tex/latex/tablefootnote/tablefootnote.sty
Package: tablefootnote 2014/01/26 v1.1c Table foot notes (HMM)
 (/usr/local/texlive/2018/texmf-dist/tex/latex/xifthen/xifthen.sty
Package: xifthen 2015/11/05 v1.4.0 Extended ifthen features
 (/usr/local/texlive/2018/texmf-dist/tex/latex/tools/calc.sty
Package: calc 2017/05/25 v4.3 Infix arithmetic (KKT,FJ)
\calc@Acount=\count176
\calc@Bcount=\count177
\calc@Adimen=\dimen296
\calc@Bdimen=\dimen297
\calc@Askip=\skip78
\calc@Bskip=\skip79
LaTeX Info: Redefining \setlength on input line 80.
LaTeX Info: Redefining \addtolength on input line 81.
\calc@Ccount=\count178
\calc@Cskip=\skip80
) (/usr/local/texlive/2018/texmf-dist/tex/latex/ifmtarg/ifmtarg.sty
Package: ifmtarg 2018/04/16 v1.2b check for an empty argument
)) (/usr/local/texlive/2018/texmf-dist/tex/latex/etoolbox/etoolbox.sty
Package: etoolbox 2018/08/19 v2.5f e-TeX tools for LaTeX (JAW)
\etb@tempcnta=\count179
))
(/usr/local/texlive/2018/texmf-dist/tex/latex/threeparttable/threeparttable.sty
Package: threeparttable 2003/06/13  v 3.0
\@tempboxb=\box76
) (/usr/local/texlive/2018/texmf-dist/tex/latex/adjustbox/adjustbox.sty
Package: adjustbox 2019/01/04 v1.2 Adjusting TeX boxes (trim, clip, ...)
 (/usr/local/texlive/2018/texmf-dist/tex/latex/adjustbox/adjcalc.sty
Package: adjcalc 2012/05/16 v1.1 Provides advanced setlength with multiple back-ends (calc, etex, pgfmath)
) (/usr/local/texlive/2018/texmf-dist/tex/latex/adjustbox/trimclip.sty
Package: trimclip 2018/04/08 v1.1 Trim and clip general TeX material
 (/usr/local/texlive/2018/texmf-dist/tex/latex/collectbox/collectbox.sty
Package: collectbox 2012/05/17 v0.4b Collect macro arguments as boxes
\collectedbox=\box77
)
\tc@llx=\dimen298
\tc@lly=\dimen299
\tc@urx=\dimen300
\tc@ury=\dimen301
Package trimclip Info: Using driver 'tc-pdftex.def'.
 (/usr/local/texlive/2018/texmf-dist/tex/latex/adjustbox/tc-pdftex.def
File: tc-pdftex.def 2019/01/04 v2.2 Clipping driver for pdftex
))
\adjbox@Width=\dimen302
\adjbox@Height=\dimen303
\adjbox@Depth=\dimen304
\adjbox@Totalheight=\dimen305
\adjbox@pwidth=\dimen306
\adjbox@pheight=\dimen307
\adjbox@pdepth=\dimen308
\adjbox@ptotalheight=\dimen309
 (/usr/local/texlive/2018/texmf-dist/tex/latex/ifoddpage/ifoddpage.sty
Package: ifoddpage 2016/04/23 v1.1 Conditionals for odd/even page detection
\c@checkoddpage=\count180
) (/usr/local/texlive/2018/texmf-dist/tex/latex/varwidth/varwidth.sty
Package: varwidth 2009/03/30 ver 0.92;  Variable-width minipages
\@vwid@box=\box78
\sift@deathcycles=\count181
\@vwid@loff=\dimen310
\@vwid@roff=\dimen311
)) (/usr/local/texlive/2018/texmf-dist/tex/latex/capt-of/capt-of.sty
Package: capt-of 2009/12/29 v0.2 standard captions outside of floats
) (/usr/local/texlive/2018/texmf-dist/tex/generic/pgf/frontendlayer/tikz/libraries/tikzlibraryshapes.geometric.code.tex
File: tikzlibraryshapes.geometric.code.tex 2019/02/02 v3.1.1 (3.1.1)
 (/usr/local/texlive/2018/texmf-dist/tex/generic/pgf/libraries/shapes/pgflibraryshapes.geometric.code.tex
File: pgflibraryshapes.geometric.code.tex 2019/02/02 v3.1.1 (3.1.1)
)) (/usr/local/texlive/2018/texmf-dist/tex/generic/pgf/frontendlayer/tikz/libraries/tikzlibrarymatrix.code.tex
File: tikzlibrarymatrix.code.tex 2019/02/02 v3.1.1 (3.1.1)
) (/usr/local/texlive/2018/texmf-dist/tex/generic/pgf/frontendlayer/tikz/libraries/tikzlibraryarrows.code.tex
File: tikzlibraryarrows.code.tex 2019/02/02 v3.1.1 (3.1.1)
 (/usr/local/texlive/2018/texmf-dist/tex/generic/pgf/libraries/pgflibraryarrows.code.tex
File: pgflibraryarrows.code.tex 2019/02/02 v3.1.1 (3.1.1)
\arrowsize=\dimen312
)) (/usr/local/texlive/2018/texmf-dist/tex/generic/pgf/frontendlayer/tikz/libraries/tikzlibrarypositioning.code.tex
File: tikzlibrarypositioning.code.tex 2019/02/02 v3.1.1 (3.1.1)
) (/usr/local/texlive/2018/texmf-dist/tex/generic/pgf/frontendlayer/tikz/libraries/tikzlibrarycalc.code.tex
File: tikzlibrarycalc.code.tex 2019/02/02 v3.1.1 (3.1.1)
) (/usr/local/texlive/2018/texmf-dist/tex/generic/pgf/frontendlayer/tikz/libraries/tikzlibraryintersections.code.tex (/usr/local/texlive/2018/texmf-dist/tex/generic/pgf/libraries/pgflibraryintersections.code.tex (/usr/local/texlive/2018/texmf-dist/tex/generic/pgf/libraries/pgflibraryfpu.code.tex)
\pgf@intersect@solutions=\count182
)) (/usr/local/texlive/2018/texmf-dist/tex/latex/colortbl/colortbl.sty
Package: colortbl 2018/12/12 v1.0d Color table columns (DPC)
\everycr=\toks49
\minrowclearance=\skip81
) (/usr/local/texlive/2018/texmf-dist/tex/latex/psnfss/pifont.sty
Package: pifont 2005/04/12 PSNFSS-v9.2a Pi font support (SPQR) 
LaTeX Font Info:    Try loading font information for U+pzd on input line 63.
 (/usr/local/texlive/2018/texmf-dist/tex/latex/psnfss/upzd.fd
File: upzd.fd 2001/06/04 font definitions for U/pzd.
)
LaTeX Font Info:    Try loading font information for U+psy on input line 64.
 (/usr/local/texlive/2018/texmf-dist/tex/latex/psnfss/upsy.fd
File: upsy.fd 2001/06/04 font definitions for U/psy.
))
(/usr/local/texlive/2018/texmf-dist/tex/latex/wasysym/wasysym.sty
Package: wasysym 2003/10/30 v2.0 Wasy-2 symbol support package
\symwasy=\mathgroup7
LaTeX Font Info:    Overwriting symbol font `wasy' in version `bold'
(Font)                  U/wasy/m/n --> U/wasy/b/n on input line 90.
) (/usr/local/texlive/2018/texmf-dist/tex/latex/natbib/natbib.sty
Package: natbib 2010/09/13 8.31b (PWD, AO)
\bibhang=\skip82
\bibsep=\skip83
LaTeX Info: Redefining \cite on input line 694.
\c@NAT@ctr=\count183
) (/usr/local/texlive/2018/texmf-dist/tex/latex/float/float.sty
Package: float 2001/11/08 v1.3d Float enhancements (AL)
\c@float@type=\count184
\float@exts=\toks50
\float@box=\box79
\@float@everytoks=\toks51
\@floatcapt=\box80
) (./revised_JPE.aux)
\openout1 = `revised_JPE.aux'.

LaTeX Font Info:    Checking defaults for OML/cmm/m/it on input line 125.
LaTeX Font Info:    ... okay on input line 125.
LaTeX Font Info:    Checking defaults for T1/cmr/m/n on input line 125.
LaTeX Font Info:    ... okay on input line 125.
LaTeX Font Info:    Checking defaults for OT1/cmr/m/n on input line 125.
LaTeX Font Info:    ... okay on input line 125.
LaTeX Font Info:    Checking defaults for OMS/cmsy/m/n on input line 125.
LaTeX Font Info:    ... okay on input line 125.
LaTeX Font Info:    Checking defaults for OMX/cmex/m/n on input line 125.
LaTeX Font Info:    ... okay on input line 125.
LaTeX Font Info:    Checking defaults for U/cmr/m/n on input line 125.
LaTeX Font Info:    ... okay on input line 125.
LaTeX Font Info:    Checking defaults for T3/cmr/m/n on input line 125.
LaTeX Font Info:    Try loading font information for T3+cmr on input line 125.
 (/usr/local/texlive/2018/texmf-dist/tex/latex/tipa/t3cmr.fd
File: t3cmr.fd 2001/12/31 TIPA font definitions
)
LaTeX Font Info:    ... okay on input line 125.
LaTeX Font Info:    Checking defaults for TS1/cmr/m/n on input line 125.
LaTeX Font Info:    Try loading font information for TS1+cmr on input line 125.
 (/usr/local/texlive/2018/texmf-dist/tex/latex/base/ts1cmr.fd
File: ts1cmr.fd 2014/09/29 v2.5h Standard LaTeX font definitions
)
LaTeX Font Info:    ... okay on input line 125.
LaTeX Font Info:    Checking defaults for PD1/pdf/m/n on input line 125.
LaTeX Font Info:    ... okay on input line 125.
LaTeX Font Info:    Try loading font information for T1+ptm on input line 125.
 (/usr/local/texlive/2018/texmf-dist/tex/latex/psnfss/t1ptm.fd
File: t1ptm.fd 2001/06/04 font definitions for T1/ptm.
) (/usr/local/texlive/2018/texmf-dist/tex/latex/upquote/upquote.sty
Package: upquote 2012/04/19 v1.3 upright-quote and grave-accent glyphs in verbatim
)
<warn.pdf, id=5, 30.1125pt x 30.1125pt>
File: warn.pdf Graphic file (type pdf)
<use warn.pdf>
Package pdftex.def Info: warn.pdf  used on input line 125.
(pdftex.def)             Requested size: 5.97505pt x 5.97508pt.
 ABD: EverySelectfont initializing macros
LaTeX Info: Redefining \selectfont on input line 125.
 (/usr/local/texlive/2018/texmf-dist/tex/context/base/mkii/supp-pdf.mkii
[Loading MPS to PDF converter (version 2006.09.02).]
\scratchcounter=\count185
\scratchdimen=\dimen313
\scratchbox=\box81
\nofMPsegments=\count186
\nofMParguments=\count187
\everyMPshowfont=\toks52
\MPscratchCnt=\count188
\MPscratchDim=\dimen314
\MPnumerator=\count189
\makeMPintoPDFobject=\count190
\everyMPtoPDFconversion=\toks53
) (/usr/local/texlive/2018/texmf-dist/tex/latex/oberdiek/epstopdf-base.sty
Package: epstopdf-base 2016/05/15 v2.6 Base part for package epstopdf
 (/usr/local/texlive/2018/texmf-dist/tex/latex/oberdiek/grfext.sty
Package: grfext 2016/05/16 v1.2 Manage graphics extensions (HO)
)
Package epstopdf-base Info: Redefining graphics rule for `.eps' on input line 438.
Package grfext Info: Graphics extension search list:
(grfext)             [.pdf,.png,.jpg,.mps,.jpeg,.jbig2,.jb2,.PDF,.PNG,.JPG,.JPEG,.JBIG2,.JB2,.eps]
(grfext)             \AppendGraphicsExtensions on input line 456.
 (/usr/local/texlive/2018/texmf-dist/tex/latex/latexconfig/epstopdf-sys.cfg
File: epstopdf-sys.cfg 2010/07/13 v1.3 Configuration of (r)epstopdf for TeX Live
))
Package caption Info: Begin \AtBeginDocument code.
Package caption Info: float package is loaded.
Package caption Info: floatflt package is loaded.
Package caption Info: hyperref package is loaded.
Package caption Info: rotating package is loaded.
Package caption Info: sidecap package is loaded.
Package caption Info: threeparttable package is loaded.
Package caption Info: End \AtBeginDocument code.
Package caption Info: We need package `ragged2e' on input line 125.
\AtBeginShipoutBox=\box82
Package hyperref Info: Link coloring OFF on input line 125.
 (/usr/local/texlive/2018/texmf-dist/tex/latex/hyperref/nameref.sty
Package: nameref 2016/05/21 v2.44 Cross-referencing by name of section
 (/usr/local/texlive/2018/texmf-dist/tex/generic/oberdiek/gettitlestring.sty
Package: gettitlestring 2016/05/16 v1.5 Cleanup title references (HO)
)
\c@section@level=\count191
)
LaTeX Info: Redefining \ref on input line 125.
LaTeX Info: Redefining \pageref on input line 125.
LaTeX Info: Redefining \nameref on input line 125.
 (./revised_JPE.out) (./revised_JPE.out)
\@outlinefile=\write5
\openout5 = `revised_JPE.out'.

\footinsA=\insert252
\c@footnoteA=\count192
Package lastpage Info: Please have a look at the pageslts package at
(lastpage)             https://www.ctan.org/pkg/pageslts
(lastpage)             ! on input line 125.
 ABD: EveryShipout initializing macros
LaTeX Font Info:    Try loading font information for T1+phv on input line 153.
 (/usr/local/texlive/2018/texmf-dist/tex/latex/psnfss/t1phv.fd
File: t1phv.fd 2001/06/04 scalable font definitions for T1/phv.
)
LaTeX Font Info:    Font shape `T1/phv/bx/n' in size <12.0> not available
(Font)              Font shape `T1/phv/b/n' tried instead on input line 153.
LaTeX Font Info:    Font shape `T1/phv/bx/n' in size <17.0> not available
(Font)              Font shape `T1/phv/b/n' tried instead on input line 153.
LaTeX Font Info:    Calculating math sizes for size <12.0> on input line 153.
<<ot1.cmap>>

LaTeX Font Warning: Font shape `OT1/cmr/m/n' in size <8.43135> not available
(Font)              size <8> substituted on input line 153.

<<oml.cmap>>

LaTeX Font Warning: Font shape `OML/cmm/m/it' in size <8.43135> not available
(Font)              size <8> substituted on input line 153.

<<oms.cmap>>

LaTeX Font Warning: Font shape `OMS/cmsy/m/n' in size <8.43135> not available
(Font)              size <8> substituted on input line 153.

<<omx.cmap>>
LaTeX Font Info:    Try loading font information for U+msa on input line 153.
 (/usr/local/texlive/2018/texmf-dist/tex/latex/amsfonts/umsa.fd
File: umsa.fd 2013/01/14 v3.01 AMS symbols A
)
LaTeX Font Info:    Try loading font information for U+msb on input line 153.
 (/usr/local/texlive/2018/texmf-dist/tex/latex/amsfonts/umsb.fd
File: umsb.fd 2013/01/14 v3.01 AMS symbols B
)
LaTeX Font Info:    Try loading font information for U+lasy on input line 153.
 (/usr/local/texlive/2018/texmf-dist/tex/latex/base/ulasy.fd
File: ulasy.fd 1998/08/17 v2.2e LaTeX symbol font definitions
)

LaTeX Font Warning: Font shape `U/lasy/m/n' in size <8.43135> not available
(Font)              size <8> substituted on input line 153.

LaTeX Font Info:    Try loading font information for U+wasy on input line 153.
(/usr/local/texlive/2018/texmf-dist/tex/latex/wasysym/uwasy.fd
File: uwasy.fd 2003/10/30 v2.0 Wasy-2 symbol font definitions
)

LaTeX Font Warning: Font shape `U/wasy/m/n' in size <8.43135> not available
(Font)              size <8> substituted on input line 153.

LaTeX Font Info:    Font shape `T1/phv/bx/n' in size <8.0> not available
(Font)              Font shape `T1/phv/b/n' tried instead on input line 153.

Underfull \hbox (badness 10000) in paragraph at lines 153--153
[]\T1/phv/b/n/8.0 Huiyao Zhang, At-sushi Yokoyama, \T1/phv/m/n/8.0 De-part-ment of Fiber Sci-ence and En-gi-neer-ing, Ky-oto
 []

LaTeX Font Info:    Font shape `T1/phv/bx/n' in size <9.5> not available
(Font)              Font shape `T1/phv/b/n' tried instead on input line 153.
LaTeX Font Info:    Font shape `T1/phv/bx/n' in size <15.0> not available
(Font)              Font shape `T1/phv/b/n' tried instead on input line 155.

LaTeX Font Warning: Font shape `OT1/cmr/m/n' in size <9.5> not available
(Font)              size <9> substituted on input line 155.


LaTeX Font Warning: Font shape `OML/cmm/m/it' in size <9.5> not available
(Font)              size <9> substituted on input line 155.


LaTeX Font Warning: Font shape `OMS/cmsy/m/n' in size <9.5> not available
(Font)              size <9> substituted on input line 155.


LaTeX Font Warning: Font shape `U/lasy/m/n' in size <9.5> not available
(Font)              size <9> substituted on input line 155.


LaTeX Font Warning: Font shape `U/wasy/m/n' in size <9.5> not available
(Font)              size <9> substituted on input line 155.


Overfull \vbox (8.08638pt too high) has occurred while \output is active []

 [1

{/usr/local/texlive/2018/texmf-var/fonts/map/pdftex/updmap/pdftex.map} </usr/local/texlive/2018/texmf-dist/tex/latex/notes/warn.pdf>] [2]
<A_laminate_design_images/lamina_local_global_axes.png, id=127, 1637.11626pt x 572.1375pt>
File: A_laminate_design_images/lamina_local_global_axes.png Graphic file (type png)
<use A_laminate_design_images/lamina_local_global_axes.png>
Package pdftex.def Info: A_laminate_design_images/lamina_local_global_axes.png  used on input line 241.
(pdftex.def)             Requested size: 330.0518pt x 115.34213pt.
LaTeX Font Info:    Calculating math sizes for size <8.0> on input line 242.


LaTeX Font Warning: Font shape `OT1/cmr/m/n' in size <4.01495> not available
(Font)              size <5> substituted on input line 242.


LaTeX Font Warning: Font shape `OML/cmm/m/it' in size <4.01495> not available
(Font)              size <5> substituted on input line 242.


LaTeX Font Warning: Font shape `OMS/cmsy/m/n' in size <4.01495> not available
(Font)              size <5> substituted on input line 242.


LaTeX Font Warning: Font shape `U/lasy/m/n' in size <4.01495> not available
(Font)              size <5> substituted on input line 242.


LaTeX Font Warning: Font shape `U/wasy/m/n' in size <4.01495> not available
(Font)              size <5> substituted on input line 242.


Overfull \hbox (88.31966pt too wide) has occurred while \output is active
[] \T1/phv/m/n/8.0 A technique for constrained optimization of symmetric laminates using a new variant of the genetic algorithm | \T1/phv/b/n/9.5 3
 []

[3 <./A_laminate_design_images/lamina_local_global_axes.png>] [4]
Overfull \hbox (88.31966pt too wide) has occurred while \output is active
[] \T1/phv/m/n/8.0 A technique for constrained optimization of symmetric laminates using a new variant of the genetic algorithm | \T1/phv/b/n/9.5 5
 []

[5] [6]
Overfull \hbox (88.31966pt too wide) has occurred while \output is active
[] \T1/phv/m/n/8.0 A technique for constrained optimization of symmetric laminates using a new variant of the genetic algorithm | \T1/phv/b/n/9.5 7
 []

[7]

Package caption Warning: \captionsetup{type*=...} or \captionof
(caption)                outside box or environment on input line 501.
See the caption package documentation for explanation.


Package caption Warning: The option `hypcap=true' will be ignored for this
(caption)                particular \caption on input line 501.
See the caption package documentation for explanation.

<A_laminate_design_images/ga_operator.png, id=193, 844.15375pt x 733.74126pt>
File: A_laminate_design_images/ga_operator.png Graphic file (type png)
<use A_laminate_design_images/ga_operator.png>
Package pdftex.def Info: A_laminate_design_images/ga_operator.png  used on input line 527.
(pdftex.def)             Requested size: 330.0518pt x 286.88568pt.
[8]
Overfull \hbox (88.31966pt too wide) has occurred while \output is active
[] \T1/phv/m/n/8.0 A technique for constrained optimization of symmetric laminates using a new variant of the genetic algorithm | \T1/phv/b/n/9.5 9
 []

[9 <./A_laminate_design_images/ga_operator.png>]

Package caption Warning: The option `hypcap=true' will be ignored for this
(caption)                particular \caption on input line 584.
See the caption package documentation for explanation.

<A_laminate_design_images/NxNy.png, id=208, 925.056pt x 693.792pt>
File: A_laminate_design_images/NxNy.png Graphic file (type png)
<use A_laminate_design_images/NxNy.png>
Package pdftex.def Info: A_laminate_design_images/NxNy.png  used on input line 607.
(pdftex.def)             Requested size: 330.0518pt x 247.54178pt.

Overfull \hbox (21.88191pt too wide) in paragraph at lines 614--633
[][]
 []

[10]
Overfull \hbox (93.62134pt too wide) has occurred while \output is active
[] \T1/phv/m/n/8.0 A technique for constrained optimization of symmetric laminates using a new variant of the genetic algorithm | \T1/phv/b/n/9.5 11
 []

[11 <./A_laminate_design_images/NxNy.png>]
<A_laminate_design_images/NxNyNz.png, id=231, 925.056pt x 693.792pt>
File: A_laminate_design_images/NxNyNz.png Graphic file (type png)
<use A_laminate_design_images/NxNyNz.png>
Package pdftex.def Info: A_laminate_design_images/NxNyNz.png  used on input line 665.
(pdftex.def)             Requested size: 330.0518pt x 247.54178pt.
 [12 <./A_laminate_design_images/NxNyNz.png>] (./revised_JPE.bbl
Overfull \hbox (93.62134pt too wide) has occurred while \output is active
[] \T1/phv/m/n/8.0 A technique for constrained optimization of symmetric laminates using a new variant of the genetic algorithm | \T1/phv/b/n/9.5 13
 []

[13]
LaTeX Font Info:    Font shape `T1/phv/m/it' in size <8.0> not available
(Font)              Font shape `T1/phv/m/sl' tried instead on input line 7.
 [14]) 
AED: lastpage setting LastPage

Overfull \hbox (93.62134pt too wide) has occurred while \output is active
[] \T1/phv/m/n/8.0 A technique for constrained optimization of symmetric laminates using a new variant of the genetic algorithm | \T1/phv/b/n/9.5 15
 []

[15]
Package atveryend Info: Empty hook `BeforeClearDocument' on input line 731.
Package atveryend Info: Empty hook `AfterLastShipout' on input line 731.
 (./revised_JPE.aux)
Package atveryend Info: Executing hook `AtVeryEndDocument' on input line 731.
Package atveryend Info: Executing hook `AtEndAfterFileList' on input line 731.
Package rerunfilecheck Info: File `revised_JPE.out' has not changed.
(rerunfilecheck)             Checksum: BE143118B9D1E59042C5F23F08121111;1089.


LaTeX Font Warning: Size substitutions with differences
(Font)              up to 0.98874pt have occurred.

Package atveryend Info: Empty hook `AtVeryVeryEnd' on input line 731.
 ) 
Here is how much of TeX's memory you used:
 25473 strings out of 492616
 462603 string characters out of 6128982
 557322 words of memory out of 5000000
 28594 multiletter control sequences out of 15000+600000
 61987 words of font info for 107 fonts, out of 8000000 for 9000
 1141 hyphenation exceptions out of 8191
 60i,16n,94p,925b,561s stack positions out of 5000i,500n,10000p,200000b,80000s
{/usr/local/texlive/2018/texmf-dist/fonts/enc/dvips/base/8r.enc}</usr/local/texlive/2018/texmf-dist/fonts/type1/public/amsfonts/cm/cmex10.pfb></usr/local/texlive/2018/texmf-dist/fonts/type1/public/amsfonts/cm/cmmi6.pfb></usr/local/texlive/2018/texmf-dist/fonts/type1/public/amsfonts/cm/cmmi7.pfb></usr/local/texlive/2018/texmf-dist/fonts/type1/public/amsfonts/cm/cmmi8.pfb></usr/local/texlive/2018/texmf-dist/fonts/type1/public/amsfonts/cm/cmmi9.pfb></usr/local/texlive/2018/texmf-dist/fonts/type1/public/amsfonts/cm/cmr6.pfb></usr/local/texlive/2018/texmf-dist/fonts/type1/public/amsfonts/cm/cmr7.pfb></usr/local/texlive/2018/texmf-dist/fonts/type1/public/amsfonts/cm/cmr8.pfb></usr/local/texlive/2018/texmf-dist/fonts/type1/public/amsfonts/cm/cmr9.pfb></usr/local/texlive/2018/texmf-dist/fonts/type1/public/amsfonts/cm/cmsy7.pfb></usr/local/texlive/2018/texmf-dist/fonts/type1/public/amsfonts/cm/cmsy9.pfb></usr/local/texlive/2018/texmf-dist/fonts/type1/urw/helvetic/uhvb8a.pfb></usr/local/texlive/2018/texmf-dist/fonts/type1/urw/helvetic/uhvr8a.pfb></usr/local/texlive/2018/texmf-dist/fonts/type1/urw/helvetic/uhvro8a.pfb></usr/local/texlive/2018/texmf-dist/fonts/type1/urw/times/utmr8a.pfb>
Output written on revised_JPE.pdf (15 pages, 529660 bytes).
PDF statistics:
 354 PDF objects out of 1000 (max. 8388607)
 290 compressed objects within 3 object streams
 89 named destinations out of 1000 (max. 500000)
 170 words of extra memory for PDF output out of 10000 (max. 10000000)

